1694774130.168256 client started (76844): version 3.0a, socket /tmp/tmux-1000/default, protocol 8
1694774130.168313 on Linux 5.15.0-83-generic #92~20.04.1-Ubuntu SMP Mon Aug 21 14:00:49 UTC 2023; libevent 2.1.11-stable (poll)
1694774130.168332 socket is /tmp/tmux-1000/default
1694774130.168348 trying connect
1694774130.168410 add peer 0x563ff47e6200: 6 ((nil))
1694774130.168479 sending message 100 to peer 0x563ff47e6200 (4 bytes)
1694774130.168487 sending message 101 to peer 0x563ff47e6200 (15 bytes)
1694774130.168492 sending message 102 to peer 0x563ff47e6200 (12 bytes)
1694774130.168496 sending message 108 to peer 0x563ff47e6200 (36 bytes)
1694774130.168505 sending message 104 to peer 0x563ff47e6200 (0 bytes)
1694774130.168510 sending message 107 to peer 0x563ff47e6200 (4 bytes)
1694774130.168515 sending message 105 to peer 0x563ff47e6200 (33 bytes)
1694774130.168520 sending message 105 to peer 0x563ff47e6200 (18 bytes)
1694774130.168525 sending message 105 to peer 0x563ff47e6200 (18 bytes)
1694774130.168533 sending message 105 to peer 0x563ff47e6200 (19 bytes)
1694774130.168538 sending message 105 to peer 0x563ff47e6200 (21 bytes)
1694774130.168541 sending message 105 to peer 0x563ff47e6200 (8 bytes)
1694774130.168544 sending message 105 to peer 0x563ff47e6200 (24 bytes)
1694774130.168547 sending message 105 to peer 0x563ff47e6200 (23 bytes)
1694774130.168550 sending message 105 to peer 0x563ff47e6200 (63 bytes)
1694774130.168553 sending message 105 to peer 0x563ff47e6200 (28 bytes)
1694774130.168556 sending message 105 to peer 0x563ff47e6200 (32 bytes)
1694774130.168559 sending message 105 to peer 0x563ff47e6200 (52 bytes)
1694774130.168562 sending message 105 to peer 0x563ff47e6200 (16 bytes)
1694774130.168565 sending message 105 to peer 0x563ff47e6200 (54 bytes)
1694774130.168568 sending message 105 to peer 0x563ff47e6200 (36 bytes)
1694774130.168572 sending message 105 to peer 0x563ff47e6200 (18 bytes)
1694774130.168575 sending message 105 to peer 0x563ff47e6200 (21 bytes)
1694774130.168580 sending message 105 to peer 0x563ff47e6200 (16 bytes)
1694774130.168584 sending message 105 to peer 0x563ff47e6200 (23 bytes)
1694774130.168587 sending message 105 to peer 0x563ff47e6200 (23 bytes)
1694774130.168590 sending message 105 to peer 0x563ff47e6200 (44 bytes)
1694774130.168593 sending message 105 to peer 0x563ff47e6200 (350 bytes)
1694774130.168596 sending message 105 to peer 0x563ff47e6200 (15 bytes)
1694774130.168599 sending message 105 to peer 0x563ff47e6200 (114 bytes)
1694774130.168603 sending message 105 to peer 0x563ff47e6200 (47 bytes)
1694774130.168606 sending message 105 to peer 0x563ff47e6200 (31 bytes)
1694774130.168609 sending message 105 to peer 0x563ff47e6200 (23 bytes)
1694774130.168612 sending message 105 to peer 0x563ff47e6200 (58 bytes)
1694774130.168615 sending message 105 to peer 0x563ff47e6200 (11 bytes)
1694774130.168626 sending message 105 to peer 0x563ff47e6200 (17 bytes)
1694774130.168630 sending message 105 to peer 0x563ff47e6200 (26 bytes)
1694774130.168634 sending message 105 to peer 0x563ff47e6200 (42 bytes)
1694774130.168637 sending message 105 to peer 0x563ff47e6200 (27 bytes)
1694774130.168640 sending message 105 to peer 0x563ff47e6200 (20 bytes)
1694774130.168643 sending message 105 to peer 0x563ff47e6200 (41 bytes)
1694774130.168646 sending message 105 to peer 0x563ff47e6200 (56 bytes)
1694774130.168650 sending message 105 to peer 0x563ff47e6200 (19 bytes)
1694774130.168653 sending message 105 to peer 0x563ff47e6200 (19 bytes)
1694774130.168656 sending message 105 to peer 0x563ff47e6200 (18 bytes)
1694774130.168659 sending message 105 to peer 0x563ff47e6200 (48 bytes)
1694774130.168663 sending message 105 to peer 0x563ff47e6200 (52 bytes)
1694774130.168666 sending message 105 to peer 0x563ff47e6200 (24 bytes)
1694774130.168669 sending message 105 to peer 0x563ff47e6200 (18 bytes)
1694774130.168672 sending message 105 to peer 0x563ff47e6200 (40 bytes)
1694774130.168675 sending message 105 to peer 0x563ff47e6200 (83 bytes)
1694774130.168678 sending message 105 to peer 0x563ff47e6200 (45 bytes)
1694774130.168691 sending message 105 to peer 0x563ff47e6200 (40 bytes)
1694774130.168695 sending message 105 to peer 0x563ff47e6200 (42 bytes)
1694774130.168698 sending message 105 to peer 0x563ff47e6200 (16 bytes)
1694774130.168701 sending message 105 to peer 0x563ff47e6200 (20 bytes)
1694774130.168706 sending message 105 to peer 0x563ff47e6200 (28 bytes)
1694774130.168710 sending message 105 to peer 0x563ff47e6200 (20 bytes)
1694774130.168714 sending message 105 to peer 0x563ff47e6200 (73 bytes)
1694774130.168717 sending message 105 to peer 0x563ff47e6200 (45 bytes)
1694774130.168720 sending message 105 to peer 0x563ff47e6200 (63 bytes)
1694774130.168724 sending message 105 to peer 0x563ff47e6200 (90 bytes)
1694774130.168727 sending message 105 to peer 0x563ff47e6200 (64 bytes)
1694774130.168730 sending message 105 to peer 0x563ff47e6200 (19 bytes)
1694774130.168733 sending message 105 to peer 0x563ff47e6200 (50 bytes)
1694774130.168736 sending message 105 to peer 0x563ff47e6200 (27 bytes)
1694774130.168739 sending message 105 to peer 0x563ff47e6200 (32 bytes)
1694774130.168742 sending message 105 to peer 0x563ff47e6200 (20 bytes)
1694774130.168745 sending message 105 to peer 0x563ff47e6200 (43 bytes)
1694774130.168749 sending message 105 to peer 0x563ff47e6200 (32 bytes)
1694774130.168753 sending message 105 to peer 0x563ff47e6200 (16 bytes)
1694774130.168761 sending message 105 to peer 0x563ff47e6200 (59 bytes)
1694774130.168765 sending message 105 to peer 0x563ff47e6200 (68 bytes)
1694774130.168770 sending message 105 to peer 0x563ff47e6200 (48 bytes)
1694774130.168775 sending message 105 to peer 0x563ff47e6200 (44 bytes)
1694774130.168779 sending message 106 to peer 0x563ff47e6200 (0 bytes)
1694774130.168789 sending message 200 to peer 0x563ff47e6200 (4 bytes)
1694774130.168794 client loop enter
1694774130.174438 peer 0x563ff47e6200 message 207
1694774130.174467 sending message 208 to peer 0x563ff47e6200 (0 bytes)
1694776823.623791 sending message 205 to peer 0x563ff47e6200 (0 bytes)
1694776823.627034 peer 0x563ff47e6200 message 204
1694776823.627068 client loop exit
