1694773968.809301 client started (75151): version 3.0a, socket /tmp/tmux-1000/default, protocol 8
1694773968.809326 on Linux 5.15.0-83-generic #92~20.04.1-Ubuntu SMP Mon Aug 21 14:00:49 UTC 2023; libevent 2.1.11-stable (poll)
1694773968.809338 socket is /tmp/tmux-1000/default
1694773968.809351 trying connect
1694773968.809711 add peer 0x5557a7e77200: 6 ((nil))
1694773968.809797 sending message 100 to peer 0x5557a7e77200 (4 bytes)
1694773968.809808 sending message 101 to peer 0x5557a7e77200 (15 bytes)
1694773968.809814 sending message 102 to peer 0x5557a7e77200 (12 bytes)
1694773968.809819 sending message 108 to peer 0x5557a7e77200 (36 bytes)
1694773968.809825 sending message 104 to peer 0x5557a7e77200 (0 bytes)
1694773968.809832 sending message 107 to peer 0x5557a7e77200 (4 bytes)
1694773968.809838 sending message 105 to peer 0x5557a7e77200 (33 bytes)
1694773968.809843 sending message 105 to peer 0x5557a7e77200 (18 bytes)
1694773968.809849 sending message 105 to peer 0x5557a7e77200 (18 bytes)
1694773968.809854 sending message 105 to peer 0x5557a7e77200 (19 bytes)
1694773968.809859 sending message 105 to peer 0x5557a7e77200 (21 bytes)
1694773968.809864 sending message 105 to peer 0x5557a7e77200 (8 bytes)
1694773968.809870 sending message 105 to peer 0x5557a7e77200 (24 bytes)
1694773968.809875 sending message 105 to peer 0x5557a7e77200 (23 bytes)
1694773968.809880 sending message 105 to peer 0x5557a7e77200 (63 bytes)
1694773968.809886 sending message 105 to peer 0x5557a7e77200 (28 bytes)
1694773968.809894 sending message 105 to peer 0x5557a7e77200 (32 bytes)
1694773968.809901 sending message 105 to peer 0x5557a7e77200 (52 bytes)
1694773968.809906 sending message 105 to peer 0x5557a7e77200 (16 bytes)
1694773968.809912 sending message 105 to peer 0x5557a7e77200 (54 bytes)
1694773968.809917 sending message 105 to peer 0x5557a7e77200 (36 bytes)
1694773968.809923 sending message 105 to peer 0x5557a7e77200 (18 bytes)
1694773968.809929 sending message 105 to peer 0x5557a7e77200 (21 bytes)
1694773968.809937 sending message 105 to peer 0x5557a7e77200 (16 bytes)
1694773968.809943 sending message 105 to peer 0x5557a7e77200 (23 bytes)
1694773968.809950 sending message 105 to peer 0x5557a7e77200 (23 bytes)
1694773968.809956 sending message 105 to peer 0x5557a7e77200 (44 bytes)
1694773968.809961 sending message 105 to peer 0x5557a7e77200 (350 bytes)
1694773968.809967 sending message 105 to peer 0x5557a7e77200 (15 bytes)
1694773968.809974 sending message 105 to peer 0x5557a7e77200 (114 bytes)
1694773968.809980 sending message 105 to peer 0x5557a7e77200 (47 bytes)
1694773968.809987 sending message 105 to peer 0x5557a7e77200 (31 bytes)
1694773968.809991 sending message 105 to peer 0x5557a7e77200 (23 bytes)
1694773968.809994 sending message 105 to peer 0x5557a7e77200 (58 bytes)
1694773968.810006 sending message 105 to peer 0x5557a7e77200 (11 bytes)
1694773968.810018 sending message 105 to peer 0x5557a7e77200 (17 bytes)
1694773968.810035 sending message 105 to peer 0x5557a7e77200 (26 bytes)
1694773968.810040 sending message 105 to peer 0x5557a7e77200 (42 bytes)
1694773968.810044 sending message 105 to peer 0x5557a7e77200 (27 bytes)
1694773968.810049 sending message 105 to peer 0x5557a7e77200 (20 bytes)
1694773968.810053 sending message 105 to peer 0x5557a7e77200 (41 bytes)
1694773968.810057 sending message 105 to peer 0x5557a7e77200 (56 bytes)
1694773968.810061 sending message 105 to peer 0x5557a7e77200 (19 bytes)
1694773968.810066 sending message 105 to peer 0x5557a7e77200 (19 bytes)
1694773968.810069 sending message 105 to peer 0x5557a7e77200 (18 bytes)
1694773968.810074 sending message 105 to peer 0x5557a7e77200 (48 bytes)
1694773968.810078 sending message 105 to peer 0x5557a7e77200 (52 bytes)
1694773968.810082 sending message 105 to peer 0x5557a7e77200 (24 bytes)
1694773968.810085 sending message 105 to peer 0x5557a7e77200 (18 bytes)
1694773968.810090 sending message 105 to peer 0x5557a7e77200 (40 bytes)
1694773968.810093 sending message 105 to peer 0x5557a7e77200 (83 bytes)
1694773968.810098 sending message 105 to peer 0x5557a7e77200 (45 bytes)
1694773968.810111 sending message 105 to peer 0x5557a7e77200 (40 bytes)
1694773968.810114 sending message 105 to peer 0x5557a7e77200 (42 bytes)
1694773968.810118 sending message 105 to peer 0x5557a7e77200 (16 bytes)
1694773968.810122 sending message 105 to peer 0x5557a7e77200 (20 bytes)
1694773968.810125 sending message 105 to peer 0x5557a7e77200 (28 bytes)
1694773968.810129 sending message 105 to peer 0x5557a7e77200 (20 bytes)
1694773968.810133 sending message 105 to peer 0x5557a7e77200 (73 bytes)
1694773968.810137 sending message 105 to peer 0x5557a7e77200 (45 bytes)
1694773968.810141 sending message 105 to peer 0x5557a7e77200 (63 bytes)
1694773968.810145 sending message 105 to peer 0x5557a7e77200 (90 bytes)
1694773968.810149 sending message 105 to peer 0x5557a7e77200 (64 bytes)
1694773968.810153 sending message 105 to peer 0x5557a7e77200 (19 bytes)
1694773968.810157 sending message 105 to peer 0x5557a7e77200 (50 bytes)
1694773968.810160 sending message 105 to peer 0x5557a7e77200 (27 bytes)
1694773968.810164 sending message 105 to peer 0x5557a7e77200 (32 bytes)
1694773968.810168 sending message 105 to peer 0x5557a7e77200 (20 bytes)
1694773968.810172 sending message 105 to peer 0x5557a7e77200 (43 bytes)
1694773968.810176 sending message 105 to peer 0x5557a7e77200 (32 bytes)
1694773968.810180 sending message 105 to peer 0x5557a7e77200 (16 bytes)
1694773968.810185 sending message 105 to peer 0x5557a7e77200 (59 bytes)
1694773968.810189 sending message 105 to peer 0x5557a7e77200 (68 bytes)
1694773968.810193 sending message 105 to peer 0x5557a7e77200 (48 bytes)
1694773968.810197 sending message 105 to peer 0x5557a7e77200 (44 bytes)
1694773968.810201 sending message 106 to peer 0x5557a7e77200 (0 bytes)
1694773968.810210 sending message 200 to peer 0x5557a7e77200 (4 bytes)
1694773968.810214 client loop enter
1694773968.818846 peer 0x5557a7e77200 message 207
1694773968.818970 sending message 208 to peer 0x5557a7e77200 (0 bytes)
1694774003.095751 sending message 208 to peer 0x5557a7e77200 (0 bytes)
1694774003.851329 sending message 208 to peer 0x5557a7e77200 (0 bytes)
1694774004.350608 sending message 208 to peer 0x5557a7e77200 (0 bytes)
1694774005.193466 sending message 208 to peer 0x5557a7e77200 (0 bytes)
1694774006.099620 sending message 208 to peer 0x5557a7e77200 (0 bytes)
1694774006.368846 sending message 208 to peer 0x5557a7e77200 (0 bytes)
1694774115.979317 sending message 205 to peer 0x5557a7e77200 (0 bytes)
1694774115.980403 peer 0x5557a7e77200 message 204
1694774115.980454 client loop exit
