1695016659.965246 client started (6542): version 3.0a, socket /tmp/tmux-1000/default, protocol 8
1695016659.965284 on Linux 5.15.0-83-generic #92~20.04.1-Ubuntu SMP Mon Aug 21 14:00:49 UTC 2023; libevent 2.1.11-stable (poll)
1695016659.965302 socket is /tmp/tmux-1000/default
1695016659.965317 trying connect
1695016659.965373 add peer 0x560787b75200: 6 ((nil))
1695016659.965446 sending message 100 to peer 0x560787b75200 (4 bytes)
1695016659.965452 sending message 101 to peer 0x560787b75200 (15 bytes)
1695016659.965456 sending message 102 to peer 0x560787b75200 (11 bytes)
1695016659.965460 sending message 108 to peer 0x560787b75200 (36 bytes)
1695016659.965464 sending message 104 to peer 0x560787b75200 (0 bytes)
1695016659.965468 sending message 107 to peer 0x560787b75200 (4 bytes)
1695016659.965472 sending message 105 to peer 0x560787b75200 (33 bytes)
1695016659.965476 sending message 105 to peer 0x560787b75200 (18 bytes)
1695016659.965480 sending message 105 to peer 0x560787b75200 (18 bytes)
1695016659.965483 sending message 105 to peer 0x560787b75200 (19 bytes)
1695016659.965487 sending message 105 to peer 0x560787b75200 (21 bytes)
1695016659.965491 sending message 105 to peer 0x560787b75200 (8 bytes)
1695016659.965494 sending message 105 to peer 0x560787b75200 (24 bytes)
1695016659.965497 sending message 105 to peer 0x560787b75200 (23 bytes)
1695016659.965500 sending message 105 to peer 0x560787b75200 (63 bytes)
1695016659.965504 sending message 105 to peer 0x560787b75200 (28 bytes)
1695016659.965507 sending message 105 to peer 0x560787b75200 (32 bytes)
1695016659.965511 sending message 105 to peer 0x560787b75200 (52 bytes)
1695016659.965514 sending message 105 to peer 0x560787b75200 (16 bytes)
1695016659.965518 sending message 105 to peer 0x560787b75200 (54 bytes)
1695016659.965522 sending message 105 to peer 0x560787b75200 (35 bytes)
1695016659.965525 sending message 105 to peer 0x560787b75200 (18 bytes)
1695016659.965529 sending message 105 to peer 0x560787b75200 (21 bytes)
1695016659.965534 sending message 105 to peer 0x560787b75200 (16 bytes)
1695016659.965538 sending message 105 to peer 0x560787b75200 (23 bytes)
1695016659.965541 sending message 105 to peer 0x560787b75200 (23 bytes)
1695016659.965544 sending message 105 to peer 0x560787b75200 (44 bytes)
1695016659.965548 sending message 105 to peer 0x560787b75200 (350 bytes)
1695016659.965551 sending message 105 to peer 0x560787b75200 (15 bytes)
1695016659.965555 sending message 105 to peer 0x560787b75200 (114 bytes)
1695016659.965559 sending message 105 to peer 0x560787b75200 (47 bytes)
1695016659.965562 sending message 105 to peer 0x560787b75200 (31 bytes)
1695016659.965566 sending message 105 to peer 0x560787b75200 (23 bytes)
1695016659.965569 sending message 105 to peer 0x560787b75200 (58 bytes)
1695016659.965573 sending message 105 to peer 0x560787b75200 (11 bytes)
1695016659.965586 sending message 105 to peer 0x560787b75200 (17 bytes)
1695016659.965590 sending message 105 to peer 0x560787b75200 (26 bytes)
1695016659.965593 sending message 105 to peer 0x560787b75200 (42 bytes)
1695016659.965597 sending message 105 to peer 0x560787b75200 (27 bytes)
1695016659.965601 sending message 105 to peer 0x560787b75200 (20 bytes)
1695016659.965605 sending message 105 to peer 0x560787b75200 (41 bytes)
1695016659.965608 sending message 105 to peer 0x560787b75200 (56 bytes)
1695016659.965612 sending message 105 to peer 0x560787b75200 (19 bytes)
1695016659.965616 sending message 105 to peer 0x560787b75200 (19 bytes)
1695016659.965619 sending message 105 to peer 0x560787b75200 (18 bytes)
1695016659.965623 sending message 105 to peer 0x560787b75200 (48 bytes)
1695016659.965627 sending message 105 to peer 0x560787b75200 (52 bytes)
1695016659.965631 sending message 105 to peer 0x560787b75200 (24 bytes)
1695016659.965635 sending message 105 to peer 0x560787b75200 (18 bytes)
1695016659.965638 sending message 105 to peer 0x560787b75200 (40 bytes)
1695016659.965642 sending message 105 to peer 0x560787b75200 (83 bytes)
1695016659.965646 sending message 105 to peer 0x560787b75200 (45 bytes)
1695016659.965655 sending message 105 to peer 0x560787b75200 (40 bytes)
1695016659.965659 sending message 105 to peer 0x560787b75200 (42 bytes)
1695016659.965663 sending message 105 to peer 0x560787b75200 (16 bytes)
1695016659.965667 sending message 105 to peer 0x560787b75200 (20 bytes)
1695016659.965671 sending message 105 to peer 0x560787b75200 (28 bytes)
1695016659.965674 sending message 105 to peer 0x560787b75200 (20 bytes)
1695016659.965678 sending message 105 to peer 0x560787b75200 (73 bytes)
1695016659.965682 sending message 105 to peer 0x560787b75200 (45 bytes)
1695016659.965686 sending message 105 to peer 0x560787b75200 (63 bytes)
1695016659.965690 sending message 105 to peer 0x560787b75200 (90 bytes)
1695016659.965694 sending message 105 to peer 0x560787b75200 (64 bytes)
1695016659.965698 sending message 105 to peer 0x560787b75200 (19 bytes)
1695016659.965701 sending message 105 to peer 0x560787b75200 (50 bytes)
1695016659.965705 sending message 105 to peer 0x560787b75200 (27 bytes)
1695016659.965709 sending message 105 to peer 0x560787b75200 (32 bytes)
1695016659.965713 sending message 105 to peer 0x560787b75200 (20 bytes)
1695016659.965716 sending message 105 to peer 0x560787b75200 (43 bytes)
1695016659.965720 sending message 105 to peer 0x560787b75200 (32 bytes)
1695016659.965724 sending message 105 to peer 0x560787b75200 (16 bytes)
1695016659.965728 sending message 105 to peer 0x560787b75200 (59 bytes)
1695016659.965732 sending message 105 to peer 0x560787b75200 (68 bytes)
1695016659.965735 sending message 105 to peer 0x560787b75200 (48 bytes)
1695016659.965739 sending message 105 to peer 0x560787b75200 (44 bytes)
1695016659.965744 sending message 106 to peer 0x560787b75200 (0 bytes)
1695016659.965748 sending message 200 to peer 0x560787b75200 (4 bytes)
1695016659.965751 client loop enter
1695016659.971600 peer 0x560787b75200 message 207
1695016659.971615 sending message 208 to peer 0x560787b75200 (0 bytes)
1695016666.631703 sending message 208 to peer 0x560787b75200 (0 bytes)
1695017109.078126 sending message 208 to peer 0x560787b75200 (0 bytes)
1695017116.735280 sending message 208 to peer 0x560787b75200 (0 bytes)
1695017709.137328 sending message 208 to peer 0x560787b75200 (0 bytes)
1695017713.001841 sending message 208 to peer 0x560787b75200 (0 bytes)
1695017809.440053 sending message 208 to peer 0x560787b75200 (0 bytes)
1695017812.147972 sending message 208 to peer 0x560787b75200 (0 bytes)
1695017814.294080 sending message 208 to peer 0x560787b75200 (0 bytes)
1695017892.777198 sending message 208 to peer 0x560787b75200 (0 bytes)
1695018185.905840 sending message 208 to peer 0x560787b75200 (0 bytes)
1695018493.082895 sending message 208 to peer 0x560787b75200 (0 bytes)
1695018493.159340 sending message 208 to peer 0x560787b75200 (0 bytes)
1695018493.346964 sending message 208 to peer 0x560787b75200 (0 bytes)
