1694946313.605350 client started (6001): version 3.0a, socket /tmp/tmux-1000/default, protocol 8
1694946313.605370 on Linux 5.15.0-83-generic #92~20.04.1-Ubuntu SMP Mon Aug 21 14:00:49 UTC 2023; libevent 2.1.11-stable (poll)
1694946313.605379 socket is /tmp/tmux-1000/default
1694946313.605388 trying connect
1694946313.605429 add peer 0x55df8a8d9200: 6 ((nil))
1694946313.605475 sending message 100 to peer 0x55df8a8d9200 (4 bytes)
1694946313.605479 sending message 101 to peer 0x55df8a8d9200 (15 bytes)
1694946313.605482 sending message 102 to peer 0x55df8a8d9200 (11 bytes)
1694946313.605484 sending message 108 to peer 0x55df8a8d9200 (36 bytes)
1694946313.605487 sending message 104 to peer 0x55df8a8d9200 (0 bytes)
1694946313.605489 sending message 107 to peer 0x55df8a8d9200 (4 bytes)
1694946313.605491 sending message 105 to peer 0x55df8a8d9200 (33 bytes)
1694946313.605494 sending message 105 to peer 0x55df8a8d9200 (18 bytes)
1694946313.605496 sending message 105 to peer 0x55df8a8d9200 (18 bytes)
1694946313.605498 sending message 105 to peer 0x55df8a8d9200 (19 bytes)
1694946313.605500 sending message 105 to peer 0x55df8a8d9200 (21 bytes)
1694946313.605503 sending message 105 to peer 0x55df8a8d9200 (8 bytes)
1694946313.605505 sending message 105 to peer 0x55df8a8d9200 (24 bytes)
1694946313.605507 sending message 105 to peer 0x55df8a8d9200 (23 bytes)
1694946313.605509 sending message 105 to peer 0x55df8a8d9200 (63 bytes)
1694946313.605512 sending message 105 to peer 0x55df8a8d9200 (28 bytes)
1694946313.605515 sending message 105 to peer 0x55df8a8d9200 (32 bytes)
1694946313.605518 sending message 105 to peer 0x55df8a8d9200 (52 bytes)
1694946313.605520 sending message 105 to peer 0x55df8a8d9200 (16 bytes)
1694946313.605523 sending message 105 to peer 0x55df8a8d9200 (54 bytes)
1694946313.605526 sending message 105 to peer 0x55df8a8d9200 (35 bytes)
1694946313.605564 sending message 105 to peer 0x55df8a8d9200 (18 bytes)
1694946313.605567 sending message 105 to peer 0x55df8a8d9200 (21 bytes)
1694946313.605572 sending message 105 to peer 0x55df8a8d9200 (16 bytes)
1694946313.605575 sending message 105 to peer 0x55df8a8d9200 (23 bytes)
1694946313.605580 sending message 105 to peer 0x55df8a8d9200 (23 bytes)
1694946313.605582 sending message 105 to peer 0x55df8a8d9200 (44 bytes)
1694946313.605585 sending message 105 to peer 0x55df8a8d9200 (350 bytes)
1694946313.605589 sending message 105 to peer 0x55df8a8d9200 (15 bytes)
1694946313.605592 sending message 105 to peer 0x55df8a8d9200 (114 bytes)
1694946313.605596 sending message 105 to peer 0x55df8a8d9200 (47 bytes)
1694946313.605599 sending message 105 to peer 0x55df8a8d9200 (31 bytes)
1694946313.605601 sending message 105 to peer 0x55df8a8d9200 (23 bytes)
1694946313.605605 sending message 105 to peer 0x55df8a8d9200 (58 bytes)
1694946313.605607 sending message 105 to peer 0x55df8a8d9200 (11 bytes)
1694946313.605617 sending message 105 to peer 0x55df8a8d9200 (17 bytes)
1694946313.605621 sending message 105 to peer 0x55df8a8d9200 (26 bytes)
1694946313.605624 sending message 105 to peer 0x55df8a8d9200 (42 bytes)
1694946313.605627 sending message 105 to peer 0x55df8a8d9200 (27 bytes)
1694946313.605630 sending message 105 to peer 0x55df8a8d9200 (20 bytes)
1694946313.605633 sending message 105 to peer 0x55df8a8d9200 (41 bytes)
1694946313.605636 sending message 105 to peer 0x55df8a8d9200 (56 bytes)
1694946313.605640 sending message 105 to peer 0x55df8a8d9200 (19 bytes)
1694946313.605642 sending message 105 to peer 0x55df8a8d9200 (19 bytes)
1694946313.605644 sending message 105 to peer 0x55df8a8d9200 (18 bytes)
1694946313.605646 sending message 105 to peer 0x55df8a8d9200 (48 bytes)
1694946313.605649 sending message 105 to peer 0x55df8a8d9200 (52 bytes)
1694946313.605651 sending message 105 to peer 0x55df8a8d9200 (24 bytes)
1694946313.605653 sending message 105 to peer 0x55df8a8d9200 (18 bytes)
1694946313.605655 sending message 105 to peer 0x55df8a8d9200 (40 bytes)
1694946313.605659 sending message 105 to peer 0x55df8a8d9200 (83 bytes)
1694946313.605661 sending message 105 to peer 0x55df8a8d9200 (45 bytes)
1694946313.605671 sending message 105 to peer 0x55df8a8d9200 (40 bytes)
1694946313.605673 sending message 105 to peer 0x55df8a8d9200 (42 bytes)
1694946313.605676 sending message 105 to peer 0x55df8a8d9200 (16 bytes)
1694946313.605678 sending message 105 to peer 0x55df8a8d9200 (20 bytes)
1694946313.605681 sending message 105 to peer 0x55df8a8d9200 (28 bytes)
1694946313.605683 sending message 105 to peer 0x55df8a8d9200 (20 bytes)
1694946313.605685 sending message 105 to peer 0x55df8a8d9200 (73 bytes)
1694946313.605688 sending message 105 to peer 0x55df8a8d9200 (45 bytes)
1694946313.605690 sending message 105 to peer 0x55df8a8d9200 (63 bytes)
1694946313.605692 sending message 105 to peer 0x55df8a8d9200 (90 bytes)
1694946313.605695 sending message 105 to peer 0x55df8a8d9200 (64 bytes)
1694946313.605697 sending message 105 to peer 0x55df8a8d9200 (19 bytes)
1694946313.605699 sending message 105 to peer 0x55df8a8d9200 (50 bytes)
1694946313.605702 sending message 105 to peer 0x55df8a8d9200 (27 bytes)
1694946313.605704 sending message 105 to peer 0x55df8a8d9200 (32 bytes)
1694946313.605706 sending message 105 to peer 0x55df8a8d9200 (20 bytes)
1694946313.605708 sending message 105 to peer 0x55df8a8d9200 (43 bytes)
1694946313.605711 sending message 105 to peer 0x55df8a8d9200 (32 bytes)
1694946313.605713 sending message 105 to peer 0x55df8a8d9200 (16 bytes)
1694946313.605715 sending message 105 to peer 0x55df8a8d9200 (59 bytes)
1694946313.605718 sending message 105 to peer 0x55df8a8d9200 (68 bytes)
1694946313.605720 sending message 105 to peer 0x55df8a8d9200 (48 bytes)
1694946313.605722 sending message 105 to peer 0x55df8a8d9200 (44 bytes)
1694946313.605725 sending message 106 to peer 0x55df8a8d9200 (0 bytes)
1694946313.605728 sending message 200 to peer 0x55df8a8d9200 (4 bytes)
1694946313.605730 client loop enter
1694946313.610440 peer 0x55df8a8d9200 message 207
1694946313.610454 sending message 208 to peer 0x55df8a8d9200 (0 bytes)
1694946366.137917 sending message 208 to peer 0x55df8a8d9200 (0 bytes)
1694946366.589736 sending message 208 to peer 0x55df8a8d9200 (0 bytes)
1694946630.311757 sending message 208 to peer 0x55df8a8d9200 (0 bytes)
1694946956.895458 sending message 208 to peer 0x55df8a8d9200 (0 bytes)
1694948228.729172 sending message 205 to peer 0x55df8a8d9200 (0 bytes)
1694948228.730320 peer 0x55df8a8d9200 message 204
1694948228.730361 client loop exit
